c:\users\idano\onedrive\מסמכים\לימודים\מכללת אפקה\שנה ג\סמסטר קיץ\בינה מלאכותית\fsm\graphics\graphics\x64\debug\vc143.pdb
c:\users\idano\onedrive\מסמכים\לימודים\מכללת אפקה\שנה ג\סמסטר קיץ\בינה מלאכותית\fsm\graphics\graphics\x64\debug\vc143.idb
c:\users\idano\onedrive\מסמכים\לימודים\מכללת אפקה\שנה ג\סמסטר קיץ\בינה מלאכותית\fsm\graphics\graphics\x64\debug\warriornpc.obj
c:\users\idano\onedrive\מסמכים\לימודים\מכללת אפקה\שנה ג\סמסטר קיץ\בינה מלאכותית\fsm\graphics\graphics\x64\debug\state.obj
c:\users\idano\onedrive\מסמכים\לימודים\מכללת אפקה\שנה ג\סמסטר קיץ\בינה מלאכותית\fsm\graphics\graphics\x64\debug\securitymap.obj
c:\users\idano\onedrive\מסמכים\לימודים\מכללת אפקה\שנה ג\סמסטר קיץ\בינה מלאכותית\fsm\graphics\graphics\x64\debug\npc.obj
c:\users\idano\onedrive\מסמכים\לימודים\מכללת אפקה\שנה ג\סמסטר קיץ\בינה מלאכותית\fsm\graphics\graphics\x64\debug\medicnpc.obj
c:\users\idano\onedrive\מסמכים\לימודים\מכללת אפקה\שנה ג\סמסטר קיץ\בינה מלאכותית\fsm\graphics\graphics\x64\debug\map.obj
c:\users\idano\onedrive\מסמכים\לימודים\מכללת אפקה\שנה ג\סמסטר קיץ\בינה מלאכותית\fsm\graphics\graphics\x64\debug\main.obj
c:\users\idano\onedrive\מסמכים\לימודים\מכללת אפקה\שנה ג\סמסטר קיץ\בינה מלאכותית\fsm\graphics\graphics\x64\debug\logisticnpc.obj
c:\users\idano\onedrive\מסמכים\לימודים\מכללת אפקה\שנה ג\סמסטר קיץ\בינה מלאכותית\fsm\graphics\graphics\x64\debug\grenade.obj
c:\users\idano\onedrive\מסמכים\לימודים\מכללת אפקה\שנה ג\סמסטר קיץ\בינה מלאכותית\fsm\graphics\graphics\x64\debug\gotowarrior.obj
c:\users\idano\onedrive\מסמכים\לימודים\מכללת אפקה\שנה ג\סמסטר קיץ\בינה מלאכותית\fsm\graphics\graphics\x64\debug\gotomedicine.obj
c:\users\idano\onedrive\מסמכים\לימודים\מכללת אפקה\שנה ג\סמסטר קיץ\בינה מלאכותית\fsm\graphics\graphics\x64\debug\gotoarmory.obj
c:\users\idano\onedrive\מסמכים\לימודים\מכללת אפקה\שנה ג\סמסטר קיץ\בינה מלאכותית\fsm\graphics\graphics\x64\debug\fillmedicine.obj
c:\users\idano\onedrive\מסמכים\לימודים\מכללת אפקה\שנה ג\סמסטר קיץ\בינה מלאכותית\fsm\graphics\graphics\x64\debug\fillammo.obj
c:\users\idano\onedrive\מסמכים\לימודים\מכללת אפקה\שנה ג\סמסטר קיץ\בינה מלאכותית\fsm\graphics\graphics\x64\debug\commandernpc.obj
c:\users\idano\onedrive\מסמכים\לימודים\מכללת אפקה\שנה ג\סמסטר קיץ\בינה מלאכותית\fsm\graphics\graphics\x64\debug\bullet.obj
c:\users\idano\onedrive\מסמכים\לימודים\מכללת אפקה\שנה ג\סמסטר קיץ\בינה מלאכותית\fsm\graphics\x64\debug\graphics.pdb
c:\users\idano\onedrive\מסמכים\לימודים\מכללת אפקה\שנה ג\סמסטר קיץ\בינה מלאכותית\fsm\graphics\graphics\x64\debug\graphics.tlog\cl.command.1.tlog
c:\users\idano\onedrive\מסמכים\לימודים\מכללת אפקה\שנה ג\סמסטר קיץ\בינה מלאכותית\fsm\graphics\graphics\x64\debug\graphics.tlog\cl.read.1.tlog
c:\users\idano\onedrive\מסמכים\לימודים\מכללת אפקה\שנה ג\סמסטר קיץ\בינה מלאכותית\fsm\graphics\graphics\x64\debug\graphics.tlog\cl.write.1.tlog
c:\users\idano\onedrive\מסמכים\לימודים\מכללת אפקה\שנה ג\סמסטר קיץ\בינה מלאכותית\fsm\graphics\graphics\x64\debug\graphics.tlog\link-cvtres.read.1.tlog
c:\users\idano\onedrive\מסמכים\לימודים\מכללת אפקה\שנה ג\סמסטר קיץ\בינה מלאכותית\fsm\graphics\graphics\x64\debug\graphics.tlog\link-cvtres.write.1.tlog
c:\users\idano\onedrive\מסמכים\לימודים\מכללת אפקה\שנה ג\סמסטר קיץ\בינה מלאכותית\fsm\graphics\graphics\x64\debug\graphics.tlog\link-rc.read.1.tlog
c:\users\idano\onedrive\מסמכים\לימודים\מכללת אפקה\שנה ג\סמסטר קיץ\בינה מלאכותית\fsm\graphics\graphics\x64\debug\graphics.tlog\link-rc.write.1.tlog
c:\users\idano\onedrive\מסמכים\לימודים\מכללת אפקה\שנה ג\סמסטר קיץ\בינה מלאכותית\fsm\graphics\graphics\x64\debug\graphics.tlog\link.command.1.tlog
c:\users\idano\onedrive\מסמכים\לימודים\מכללת אפקה\שנה ג\סמסטר קיץ\בינה מלאכותית\fsm\graphics\graphics\x64\debug\graphics.tlog\link.read.1.tlog
c:\users\idano\onedrive\מסמכים\לימודים\מכללת אפקה\שנה ג\סמסטר קיץ\בינה מלאכותית\fsm\graphics\graphics\x64\debug\graphics.tlog\link.read.2.tlog
c:\users\idano\onedrive\מסמכים\לימודים\מכללת אפקה\שנה ג\סמסטר קיץ\בינה מלאכותית\fsm\graphics\graphics\x64\debug\graphics.tlog\link.read.3.tlog
c:\users\idano\onedrive\מסמכים\לימודים\מכללת אפקה\שנה ג\סמסטר קיץ\בינה מלאכותית\fsm\graphics\graphics\x64\debug\graphics.tlog\link.read.4.tlog
c:\users\idano\onedrive\מסמכים\לימודים\מכללת אפקה\שנה ג\סמסטר קיץ\בינה מלאכותית\fsm\graphics\graphics\x64\debug\graphics.tlog\link.write.1.tlog
