c:\users\idano\onedrive\מסמכים\לימודים\מכללת אפקה\שנה ג\סמסטר קיץ\בינה מלאכותית\fsm\graphics\graphics\debug\vc143.pdb
c:\users\idano\onedrive\מסמכים\לימודים\מכללת אפקה\שנה ג\סמסטר קיץ\בינה מלאכותית\fsm\graphics\graphics\debug\vc143.idb
c:\users\idano\onedrive\מסמכים\לימודים\מכללת אפקה\שנה ג\סמסטר קיץ\בינה מלאכותית\fsm\graphics\graphics\debug\warriornpc.obj
c:\users\idano\onedrive\מסמכים\לימודים\מכללת אפקה\שנה ג\סמסטר קיץ\בינה מלאכותית\fsm\graphics\graphics\debug\state.obj
c:\users\idano\onedrive\מסמכים\לימודים\מכללת אפקה\שנה ג\סמסטר קיץ\בינה מלאכותית\fsm\graphics\graphics\debug\securitymap.obj
c:\users\idano\onedrive\מסמכים\לימודים\מכללת אפקה\שנה ג\סמסטר קיץ\בינה מלאכותית\fsm\graphics\graphics\debug\npc.obj
c:\users\idano\onedrive\מסמכים\לימודים\מכללת אפקה\שנה ג\סמסטר קיץ\בינה מלאכותית\fsm\graphics\graphics\debug\medicnpc.obj
c:\users\idano\onedrive\מסמכים\לימודים\מכללת אפקה\שנה ג\סמסטר קיץ\בינה מלאכותית\fsm\graphics\graphics\debug\map.obj
c:\users\idano\onedrive\מסמכים\לימודים\מכללת אפקה\שנה ג\סמסטר קיץ\בינה מלאכותית\fsm\graphics\graphics\debug\main.obj
c:\users\idano\onedrive\מסמכים\לימודים\מכללת אפקה\שנה ג\סמסטר קיץ\בינה מלאכותית\fsm\graphics\graphics\debug\logisticnpc.obj
c:\users\idano\onedrive\מסמכים\לימודים\מכללת אפקה\שנה ג\סמסטר קיץ\בינה מלאכותית\fsm\graphics\graphics\debug\grenade.obj
c:\users\idano\onedrive\מסמכים\לימודים\מכללת אפקה\שנה ג\סמסטר קיץ\בינה מלאכותית\fsm\graphics\graphics\debug\gotowarrior.obj
c:\users\idano\onedrive\מסמכים\לימודים\מכללת אפקה\שנה ג\סמסטר קיץ\בינה מלאכותית\fsm\graphics\graphics\debug\gotomedicine.obj
c:\users\idano\onedrive\מסמכים\לימודים\מכללת אפקה\שנה ג\סמסטר קיץ\בינה מלאכותית\fsm\graphics\graphics\debug\gotoarmory.obj
c:\users\idano\onedrive\מסמכים\לימודים\מכללת אפקה\שנה ג\סמסטר קיץ\בינה מלאכותית\fsm\graphics\graphics\debug\fillmedicine.obj
c:\users\idano\onedrive\מסמכים\לימודים\מכללת אפקה\שנה ג\סמסטר קיץ\בינה מלאכותית\fsm\graphics\graphics\debug\fillammo.obj
c:\users\idano\onedrive\מסמכים\לימודים\מכללת אפקה\שנה ג\סמסטר קיץ\בינה מלאכותית\fsm\graphics\graphics\debug\commandernpc.obj
c:\users\idano\onedrive\מסמכים\לימודים\מכללת אפקה\שנה ג\סמסטר קיץ\בינה מלאכותית\fsm\graphics\graphics\debug\bullet.obj
c:\users\idano\onedrive\מסמכים\לימודים\מכללת אפקה\שנה ג\סמסטר קיץ\בינה מלאכותית\fsm\graphics\debug\graphics.exe
c:\users\idano\onedrive\מסמכים\לימודים\מכללת אפקה\שנה ג\סמסטר קיץ\בינה מלאכותית\fsm\graphics\debug\graphics.pdb
c:\users\idano\onedrive\מסמכים\לימודים\מכללת אפקה\שנה ג\סמסטר קיץ\בינה מלאכותית\fsm\graphics\graphics\debug\graphics.ilk
c:\users\idano\documentslocal\github\aisoldiers\graphics\debug\bullet.obj
c:\users\idano\documentslocal\github\aisoldiers\graphics\debug\chopping.obj
c:\users\idano\documentslocal\github\aisoldiers\graphics\debug\commandernpc.obj
c:\users\idano\documentslocal\github\aisoldiers\graphics\debug\dropwood.obj
c:\users\idano\documentslocal\github\aisoldiers\graphics\debug\fillammo.obj
c:\users\idano\documentslocal\github\aisoldiers\graphics\debug\fillmedicine.obj
c:\users\idano\documentslocal\github\aisoldiers\graphics\debug\gohome.obj
c:\users\idano\documentslocal\github\aisoldiers\graphics\debug\gotoarmory.obj
c:\users\idano\documentslocal\github\aisoldiers\graphics\debug\gotoforest.obj
c:\users\idano\documentslocal\github\aisoldiers\graphics\debug\gotomedicine.obj
c:\users\idano\documentslocal\github\aisoldiers\graphics\debug\gotowarehouse.obj
c:\users\idano\documentslocal\github\aisoldiers\graphics\debug\gotowarrior.obj
c:\users\idano\documentslocal\github\aisoldiers\graphics\debug\grenade.obj
c:\users\idano\documentslocal\github\aisoldiers\graphics\debug\logisticnpc.obj
c:\users\idano\documentslocal\github\aisoldiers\graphics\debug\main.obj
c:\users\idano\documentslocal\github\aisoldiers\graphics\debug\map.obj
c:\users\idano\documentslocal\github\aisoldiers\graphics\debug\medicnpc.obj
c:\users\idano\documentslocal\github\aisoldiers\graphics\debug\npc.obj
c:\users\idano\documentslocal\github\aisoldiers\graphics\debug\securitymap.obj
c:\users\idano\documentslocal\github\aisoldiers\graphics\debug\state.obj
c:\users\idano\documentslocal\github\aisoldiers\graphics\debug\stayathome.obj
c:\users\idano\documentslocal\github\aisoldiers\graphics\debug\warriornpc.obj
c:\users\idano\documentslocal\github\aisoldiers\graphics\debug\graphics.ilk
c:\users\idano\documentslocal\github\aisoldiers\graphics\debug\vc141.idb
c:\users\idano\documentslocal\github\aisoldiers\graphics\debug\vc143.idb
c:\users\idano\documentslocal\github\aisoldiers\graphics\debug\vc141.pdb
c:\users\idano\documentslocal\github\aisoldiers\graphics\debug\vc143.pdb
c:\users\idano\documentslocal\github\aisoldiers\debug\graphics.pdb
c:\users\idano\documentslocal\github\aisoldiers\debug\graphics.exe
c:\users\idano\documentslocal\github\aisoldiers\debug\graphics.ilk
c:\users\idano\documentslocal\github\aisoldiers\graphics\debug\graphics.tlog\cl.command.1.tlog
c:\users\idano\documentslocal\github\aisoldiers\graphics\debug\graphics.tlog\cl.items.tlog
c:\users\idano\documentslocal\github\aisoldiers\graphics\debug\graphics.tlog\cl.read.1.tlog
c:\users\idano\documentslocal\github\aisoldiers\graphics\debug\graphics.tlog\cl.write.1.tlog
c:\users\idano\documentslocal\github\aisoldiers\graphics\debug\graphics.tlog\link.command.1.tlog
c:\users\idano\documentslocal\github\aisoldiers\graphics\debug\graphics.tlog\link.read.1.tlog
c:\users\idano\documentslocal\github\aisoldiers\graphics\debug\graphics.tlog\link.secondary.1.tlog
c:\users\idano\documentslocal\github\aisoldiers\graphics\debug\graphics.tlog\link.write.1.tlog
